<?xml version="1.0" encoding="UTF-8"?>
<!-- Generated by org.testng.reporters.JUnitXMLReporter -->
<testsuite hostname="DESKTOP-HM5G61C" ignored="0" name="Default test" tests="2" failures="0" timestamp="13 Nov 2019 22:03:20 GMT" time="6.368" errors="0">
  <testcase name="missingPhoneNumber" time="0.688" classname="com.sample.test.demo.tests.TC_04_ValidatingPickUpInformation"/>
  <testcase name="missingUserName" time="0.655" classname="com.sample.test.demo.tests.TC_04_ValidatingPickUpInformation"/>
</testsuite> <!-- Default test -->
