<?xml version="1.0" encoding="UTF-8"?>
<testng-results skipped="0" failed="0" ignored="0" total="2" passed="2">
  <reporter-output>
  </reporter-output>
  <suite name="Default suite" duration-ms="6368" started-at="2019-11-13T22:03:14Z" finished-at="2019-11-13T22:03:20Z">
    <groups>
    </groups>
    <test name="Default test" duration-ms="6368" started-at="2019-11-13T22:03:14Z" finished-at="2019-11-13T22:03:20Z">
      <class name="com.sample.test.demo.tests.TC_04_ValidatingPickUpInformation">
        <test-method status="PASS" signature="init()[pri:0, instance:com.sample.test.demo.tests.TC_04_ValidatingPickUpInformation@5cb9f472]" name="init" is-config="true" duration-ms="4417" started-at="2019-11-13T22:03:14Z" finished-at="2019-11-13T22:03:18Z">
          <reporter-output>
          </reporter-output>
        </test-method> <!-- init -->
        <test-method status="PASS" signature="missingPhoneNumber()[pri:0, instance:com.sample.test.demo.tests.TC_04_ValidatingPickUpInformation@5cb9f472]" name="missingPhoneNumber" duration-ms="688" started-at="2019-11-13T22:03:18Z" finished-at="2019-11-13T22:03:19Z">
          <reporter-output>
          </reporter-output>
        </test-method> <!-- missingPhoneNumber -->
        <test-method status="PASS" signature="missingUserName()[pri:0, instance:com.sample.test.demo.tests.TC_04_ValidatingPickUpInformation@5cb9f472]" name="missingUserName" duration-ms="655" started-at="2019-11-13T22:03:19Z" finished-at="2019-11-13T22:03:20Z">
          <reporter-output>
          </reporter-output>
        </test-method> <!-- missingUserName -->
        <test-method status="PASS" signature="tearDown()[pri:0, instance:com.sample.test.demo.tests.TC_04_ValidatingPickUpInformation@5cb9f472]" name="tearDown" is-config="true" duration-ms="589" started-at="2019-11-13T22:03:20Z" finished-at="2019-11-13T22:03:20Z">
          <reporter-output>
          </reporter-output>
        </test-method> <!-- tearDown -->
      </class> <!-- com.sample.test.demo.tests.TC_04_ValidatingPickUpInformation -->
    </test> <!-- Default test -->
  </suite> <!-- Default suite -->
</testng-results>
